Generating lattices for dev set
Execution time for generating lattices = 00 hours 21 mins 23 secs
Recoring lattice to find optimal acoustic weight
Rescoring lattice using acoustic weight = 0.02 -> fst/tri/dev.0.02.tra
Generating char level transcription -> fst/tri/dev.0.02.rec
    acoustic weight = [ 0.02 ]
        result -> fst/tri/dev.0.02.rec
        accuracy -> [ 31.92 ] %
Rescoring lattice using acoustic weight = 0.04 -> fst/tri/dev.0.04.tra
Generating char level transcription -> fst/tri/dev.0.04.rec
    acoustic weight = [ 0.04 ]
        result -> fst/tri/dev.0.04.rec
        accuracy -> [ 31.83 ] %
Rescoring lattice using acoustic weight = 0.06 -> fst/tri/dev.0.06.tra
Generating char level transcription -> fst/tri/dev.0.06.rec
    acoustic weight = [ 0.06 ]
        result -> fst/tri/dev.0.06.rec
        accuracy -> [ 30.86 ] %
Rescoring lattice using acoustic weight = 0.08 -> fst/tri/dev.0.08.tra
Generating char level transcription -> fst/tri/dev.0.08.rec
    acoustic weight = [ 0.08 ]
        result -> fst/tri/dev.0.08.rec
        accuracy -> [ 29.18 ] %
Rescoring lattice using acoustic weight = 0.10 -> fst/tri/dev.0.10.tra
Generating char level transcription -> fst/tri/dev.0.10.rec
    acoustic weight = [ 0.10 ]
        result -> fst/tri/dev.0.10.rec
        accuracy -> [ 26.61 ] %
Rescoring lattice using acoustic weight = 0.12 -> fst/tri/dev.0.12.tra
Generating char level transcription -> fst/tri/dev.0.12.rec
    acoustic weight = [ 0.12 ]
        result -> fst/tri/dev.0.12.rec
        accuracy -> [ 23.63 ] %
Rescoring lattice using acoustic weight = 0.14 -> fst/tri/dev.0.14.tra
Generating char level transcription -> fst/tri/dev.0.14.rec
    acoustic weight = [ 0.14 ]
        result -> fst/tri/dev.0.14.rec
        accuracy -> [ 21.08 ] %
Rescoring lattice using acoustic weight = 0.16 -> fst/tri/dev.0.16.tra
Generating char level transcription -> fst/tri/dev.0.16.rec
    acoustic weight = [ 0.16 ]
        result -> fst/tri/dev.0.16.rec
        accuracy -> [ 19.13 ] %
Rescoring lattice using acoustic weight = 0.18 -> fst/tri/dev.0.18.tra
Generating char level transcription -> fst/tri/dev.0.18.rec
    acoustic weight = [ 0.18 ]
        result -> fst/tri/dev.0.18.rec
        accuracy -> [ 16.88 ] %
Rescoring lattice using acoustic weight = 0.20 -> fst/tri/dev.0.20.tra
Generating char level transcription -> fst/tri/dev.0.20.rec
    acoustic weight = [ 0.20 ]
        result -> fst/tri/dev.0.20.rec
        accuracy -> [ 15.59 ] %
Execution time for rescoring lattices = 00 hours 01 mins 44 secs
Optimal acoustic weight = 0.02
Recognizing test set with acoustic weight = 0.02
