Converting acoustic models to HTK format
    output -> viterbi/tri/final.mmf viterbi/tri/tiedlist
    log -> viterbi/tri/log/am.to.htk.log
Generating lattices for dev set with acoustic weight = [ 0.10 ]
    output dir -> viterbi/tri/lat/
    log -> viterbi/tri/log/latgen.dev.log
    execution time for generating lattices for dev set = 00 hours 04 mins 59 secs
Recoring lattice to find optimal acoustic weight
    acoustic weight = [ 0.02 ]
        result -> viterbi/tri/dev.0.02.rec
        accuracy -> [ 49.23 ] %
    acoustic weight = [ 0.04 ]
        result -> viterbi/tri/dev.0.04.rec
        accuracy -> [ 51.41 ] %
    acoustic weight = [ 0.06 ]
        result -> viterbi/tri/dev.0.06.rec
        accuracy -> [ 53.52 ] %
    acoustic weight = [ 0.08 ]
        result -> viterbi/tri/dev.0.08.rec
        accuracy -> [ 53.77 ] %
    acoustic weight = [ 0.10 ]
        result -> viterbi/tri/dev.0.10.rec
        accuracy -> [ 53.22 ] %
    acoustic weight = [ 0.12 ]
        result -> viterbi/tri/dev.0.12.rec
        accuracy -> [ 52.51 ] %
    acoustic weight = [ 0.14 ]
        result -> viterbi/tri/dev.0.14.rec
        accuracy -> [ 51.60 ] %
    acoustic weight = [ 0.16 ]
        result -> viterbi/tri/dev.0.16.rec
        accuracy -> [ 50.75 ] %
    acoustic weight = [ 0.18 ]
        result -> viterbi/tri/dev.0.18.rec
        accuracy -> [ 49.53 ] %
    acoustic weight = [ 0.20 ]
        result -> viterbi/tri/dev.0.20.rec
        accuracy -> [ 49.14 ] %
    optimal acoustic weight = [ 0.08 ]
    corresponding accuracy = [ 53.77 ] %
    execution time for rescoring lattices = 00 hours 02 mins 14 secs
Generating results for test set with acoustic weight = [ 0.08 ]
    output -> viterbi/tri/test.mlf
    log -> viterbi/tri/log/latgen.test.log
    execution time for generating results for test set = 00 hours 10 mins 33 secs
    result -> viterbi/tri/test.rec
    accuracy -> [ 55.05 ] %
Cleaning lattices of dev set generated during decoding process

Execution time for whole script = 00 hours 17 mins 46 secs

