gmm-acc-stats-ali --binary=false exp/mono/00.mdl ark,s,cs:feat/train.39.cmvn.ark ark:exp/mono/train.ali exp/mono/00.acc 
LOG (gmm-acc-stats-ali[5.3.57~1-6f9f]:main():gmm-acc-stats-ali.cc:105) Processed 50 utterances; for utterance astmic-fsi000-sen0049 avg. like is -103.73 over 328 frames.
LOG (gmm-acc-stats-ali[5.3.57~1-6f9f]:main():gmm-acc-stats-ali.cc:105) Processed 100 utterances; for utterance astmic-fsi000-sen0099 avg. like is -105.379 over 298 frames.
LOG (gmm-acc-stats-ali[5.3.57~1-6f9f]:main():gmm-acc-stats-ali.cc:105) Processed 150 utterances; for utterance astmic-fsi000-sen0149 avg. like is -102.666 over 238 frames.
LOG (gmm-acc-stats-ali[5.3.57~1-6f9f]:main():gmm-acc-stats-ali.cc:105) Processed 200 utterances; for utterance astmic-fsi000-sen0199 avg. like is -106.989 over 318 frames.
LOG (gmm-acc-stats-ali[5.3.57~1-6f9f]:main():gmm-acc-stats-ali.cc:105) Processed 250 utterances; for utterance astmic-fsi001-sen0049 avg. like is -109.92 over 328 frames.
LOG (gmm-acc-stats-ali[5.3.57~1-6f9f]:main():gmm-acc-stats-ali.cc:105) Processed 300 utterances; for utterance astmic-fsi001-sen0099 avg. like is -109.896 over 228 frames.
LOG (gmm-acc-stats-ali[5.3.57~1-6f9f]:main():gmm-acc-stats-ali.cc:105) Processed 350 utterances; for utterance astmic-fsi001-sen0149 avg. like is -110.307 over 318 frames.
LOG (gmm-acc-stats-ali[5.3.57~1-6f9f]:main():gmm-acc-stats-ali.cc:105) Processed 400 utterances; for utterance astmic-fsi001-sen0199 avg. like is -111.095 over 398 frames.
LOG (gmm-acc-stats-ali[5.3.57~1-6f9f]:main():gmm-acc-stats-ali.cc:105) Processed 450 utterances; for utterance astmic-fsi002-sen0049 avg. like is -103.187 over 328 frames.
LOG (gmm-acc-stats-ali[5.3.57~1-6f9f]:main():gmm-acc-stats-ali.cc:105) Processed 500 utterances; for utterance astmic-fsi002-sen0099 avg. like is -106.669 over 428 frames.
LOG (gmm-acc-stats-ali[5.3.57~1-6f9f]:main():gmm-acc-stats-ali.cc:105) Processed 550 utterances; for utterance astmic-fsi002-sen0149 avg. like is -106.215 over 288 frames.
LOG (gmm-acc-stats-ali[5.3.57~1-6f9f]:main():gmm-acc-stats-ali.cc:105) Processed 600 utterances; for utterance astmic-fsi002-sen0199 avg. like is -101.855 over 298 frames.
LOG (gmm-acc-stats-ali[5.3.57~1-6f9f]:main():gmm-acc-stats-ali.cc:105) Processed 650 utterances; for utterance astmic-fsi003-sen0049 avg. like is -112.534 over 328 frames.
LOG (gmm-acc-stats-ali[5.3.57~1-6f9f]:main():gmm-acc-stats-ali.cc:105) Processed 700 utterances; for utterance astmic-fsi003-sen0099 avg. like is -112.298 over 208 frames.
LOG (gmm-acc-stats-ali[5.3.57~1-6f9f]:main():gmm-acc-stats-ali.cc:105) Processed 750 utterances; for utterance astmic-fsi003-sen0149 avg. like is -118.819 over 218 frames.
LOG (gmm-acc-stats-ali[5.3.57~1-6f9f]:main():gmm-acc-stats-ali.cc:105) Processed 800 utterances; for utterance astmic-fsi003-sen0199 avg. like is -118.633 over 248 frames.
LOG (gmm-acc-stats-ali[5.3.57~1-6f9f]:main():gmm-acc-stats-ali.cc:105) Processed 850 utterances; for utterance astmic-fsi004-sen0049 avg. like is -107.854 over 368 frames.
LOG (gmm-acc-stats-ali[5.3.57~1-6f9f]:main():gmm-acc-stats-ali.cc:105) Processed 900 utterances; for utterance astmic-fsi004-sen0099 avg. like is -107.651 over 208 frames.
LOG (gmm-acc-stats-ali[5.3.57~1-6f9f]:main():gmm-acc-stats-ali.cc:105) Processed 950 utterances; for utterance astmic-fsi004-sen0149 avg. like is -114.892 over 228 frames.
LOG (gmm-acc-stats-ali[5.3.57~1-6f9f]:main():gmm-acc-stats-ali.cc:105) Processed 1000 utterances; for utterance astmic-fsi004-sen0199 avg. like is -109.079 over 268 frames.
LOG (gmm-acc-stats-ali[5.3.57~1-6f9f]:main():gmm-acc-stats-ali.cc:105) Processed 1050 utterances; for utterance astmic-fsi005-sen0049 avg. like is -109.534 over 388 frames.
LOG (gmm-acc-stats-ali[5.3.57~1-6f9f]:main():gmm-acc-stats-ali.cc:105) Processed 1100 utterances; for utterance astmic-fsi005-sen0099 avg. like is -105.955 over 268 frames.
LOG (gmm-acc-stats-ali[5.3.57~1-6f9f]:main():gmm-acc-stats-ali.cc:105) Processed 1150 utterances; for utterance astmic-fsi005-sen0149 avg. like is -111.299 over 298 frames.
LOG (gmm-acc-stats-ali[5.3.57~1-6f9f]:main():gmm-acc-stats-ali.cc:105) Processed 1200 utterances; for utterance astmic-fsi005-sen0199 avg. like is -108.019 over 328 frames.
LOG (gmm-acc-stats-ali[5.3.57~1-6f9f]:main():gmm-acc-stats-ali.cc:105) Processed 1250 utterances; for utterance astmic-fsi006-sen0049 avg. like is -112.551 over 298 frames.
LOG (gmm-acc-stats-ali[5.3.57~1-6f9f]:main():gmm-acc-stats-ali.cc:105) Processed 1300 utterances; for utterance astmic-fsi006-sen0099 avg. like is -108.663 over 168 frames.
LOG (gmm-acc-stats-ali[5.3.57~1-6f9f]:main():gmm-acc-stats-ali.cc:105) Processed 1350 utterances; for utterance astmic-fsi006-sen0149 avg. like is -113.109 over 238 frames.
LOG (gmm-acc-stats-ali[5.3.57~1-6f9f]:main():gmm-acc-stats-ali.cc:105) Processed 1400 utterances; for utterance astmic-fsi006-sen0199 avg. like is -111.623 over 238 frames.
LOG (gmm-acc-stats-ali[5.3.57~1-6f9f]:main():gmm-acc-stats-ali.cc:105) Processed 1450 utterances; for utterance astmic-fsi007-sen0049 avg. like is -115.253 over 198 frames.
LOG (gmm-acc-stats-ali[5.3.57~1-6f9f]:main():gmm-acc-stats-ali.cc:105) Processed 1500 utterances; for utterance astmic-fsi007-sen0099 avg. like is -121.151 over 248 frames.
LOG (gmm-acc-stats-ali[5.3.57~1-6f9f]:main():gmm-acc-stats-ali.cc:105) Processed 1550 utterances; for utterance astmic-fsi007-sen0149 avg. like is -122.824 over 298 frames.
LOG (gmm-acc-stats-ali[5.3.57~1-6f9f]:main():gmm-acc-stats-ali.cc:105) Processed 1600 utterances; for utterance astmic-fsi007-sen0199 avg. like is -107.019 over 198 frames.
LOG (gmm-acc-stats-ali[5.3.57~1-6f9f]:main():gmm-acc-stats-ali.cc:105) Processed 1650 utterances; for utterance astmic-fsi008-sen0049 avg. like is -111.583 over 298 frames.
LOG (gmm-acc-stats-ali[5.3.57~1-6f9f]:main():gmm-acc-stats-ali.cc:105) Processed 1700 utterances; for utterance astmic-fsi008-sen0099 avg. like is -115.454 over 368 frames.
LOG (gmm-acc-stats-ali[5.3.57~1-6f9f]:main():gmm-acc-stats-ali.cc:105) Processed 1750 utterances; for utterance astmic-fsi008-sen0149 avg. like is -117.895 over 418 frames.
LOG (gmm-acc-stats-ali[5.3.57~1-6f9f]:main():gmm-acc-stats-ali.cc:105) Processed 1800 utterances; for utterance astmic-fsi008-sen0199 avg. like is -109.82 over 218 frames.
LOG (gmm-acc-stats-ali[5.3.57~1-6f9f]:main():gmm-acc-stats-ali.cc:105) Processed 1850 utterances; for utterance astmic-fsi009-sen0049 avg. like is -124.971 over 248 frames.
LOG (gmm-acc-stats-ali[5.3.57~1-6f9f]:main():gmm-acc-stats-ali.cc:105) Processed 1900 utterances; for utterance astmic-fsi009-sen0099 avg. like is -111.996 over 278 frames.
LOG (gmm-acc-stats-ali[5.3.57~1-6f9f]:main():gmm-acc-stats-ali.cc:105) Processed 1950 utterances; for utterance astmic-fsi009-sen0149 avg. like is -117.106 over 348 frames.
LOG (gmm-acc-stats-ali[5.3.57~1-6f9f]:main():gmm-acc-stats-ali.cc:105) Processed 2000 utterances; for utterance astmic-fsi009-sen0199 avg. like is -117.503 over 298 frames.
LOG (gmm-acc-stats-ali[5.3.57~1-6f9f]:main():gmm-acc-stats-ali.cc:105) Processed 2050 utterances; for utterance astmic-msi000-sen0049 avg. like is -101.18 over 228 frames.
LOG (gmm-acc-stats-ali[5.3.57~1-6f9f]:main():gmm-acc-stats-ali.cc:105) Processed 2100 utterances; for utterance astmic-msi000-sen0099 avg. like is -102.185 over 478 frames.
LOG (gmm-acc-stats-ali[5.3.57~1-6f9f]:main():gmm-acc-stats-ali.cc:105) Processed 2150 utterances; for utterance astmic-msi000-sen0149 avg. like is -101.272 over 438 frames.
LOG (gmm-acc-stats-ali[5.3.57~1-6f9f]:main():gmm-acc-stats-ali.cc:105) Processed 2200 utterances; for utterance astmic-msi000-sen0199 avg. like is -98.5723 over 458 frames.
LOG (gmm-acc-stats-ali[5.3.57~1-6f9f]:main():gmm-acc-stats-ali.cc:105) Processed 2250 utterances; for utterance astmic-msi001-sen0049 avg. like is -106.179 over 418 frames.
LOG (gmm-acc-stats-ali[5.3.57~1-6f9f]:main():gmm-acc-stats-ali.cc:105) Processed 2300 utterances; for utterance astmic-msi001-sen0099 avg. like is -109.785 over 378 frames.
LOG (gmm-acc-stats-ali[5.3.57~1-6f9f]:main():gmm-acc-stats-ali.cc:105) Processed 2350 utterances; for utterance astmic-msi001-sen0149 avg. like is -100.615 over 358 frames.
LOG (gmm-acc-stats-ali[5.3.57~1-6f9f]:main():gmm-acc-stats-ali.cc:105) Processed 2400 utterances; for utterance astmic-msi001-sen0199 avg. like is -103.526 over 538 frames.
LOG (gmm-acc-stats-ali[5.3.57~1-6f9f]:main():gmm-acc-stats-ali.cc:105) Processed 2450 utterances; for utterance astmic-msi002-sen0049 avg. like is -110.602 over 448 frames.
LOG (gmm-acc-stats-ali[5.3.57~1-6f9f]:main():gmm-acc-stats-ali.cc:105) Processed 2500 utterances; for utterance astmic-msi002-sen0099 avg. like is -110.679 over 258 frames.
LOG (gmm-acc-stats-ali[5.3.57~1-6f9f]:main():gmm-acc-stats-ali.cc:105) Processed 2550 utterances; for utterance astmic-msi002-sen0149 avg. like is -108.04 over 248 frames.
LOG (gmm-acc-stats-ali[5.3.57~1-6f9f]:main():gmm-acc-stats-ali.cc:105) Processed 2600 utterances; for utterance astmic-msi002-sen0199 avg. like is -109.882 over 388 frames.
LOG (gmm-acc-stats-ali[5.3.57~1-6f9f]:main():gmm-acc-stats-ali.cc:105) Processed 2650 utterances; for utterance astmic-msi003-sen0049 avg. like is -105.068 over 238 frames.
LOG (gmm-acc-stats-ali[5.3.57~1-6f9f]:main():gmm-acc-stats-ali.cc:105) Processed 2700 utterances; for utterance astmic-msi003-sen0099 avg. like is -100.487 over 458 frames.
LOG (gmm-acc-stats-ali[5.3.57~1-6f9f]:main():gmm-acc-stats-ali.cc:105) Processed 2750 utterances; for utterance astmic-msi003-sen0149 avg. like is -96.9533 over 398 frames.
LOG (gmm-acc-stats-ali[5.3.57~1-6f9f]:main():gmm-acc-stats-ali.cc:105) Processed 2800 utterances; for utterance astmic-msi003-sen0199 avg. like is -101.678 over 328 frames.
LOG (gmm-acc-stats-ali[5.3.57~1-6f9f]:main():gmm-acc-stats-ali.cc:105) Processed 2850 utterances; for utterance astmic-msi004-sen0049 avg. like is -110.33 over 228 frames.
LOG (gmm-acc-stats-ali[5.3.57~1-6f9f]:main():gmm-acc-stats-ali.cc:105) Processed 2900 utterances; for utterance astmic-msi004-sen0099 avg. like is -109.543 over 358 frames.
LOG (gmm-acc-stats-ali[5.3.57~1-6f9f]:main():gmm-acc-stats-ali.cc:105) Processed 2950 utterances; for utterance astmic-msi004-sen0149 avg. like is -112.114 over 258 frames.
LOG (gmm-acc-stats-ali[5.3.57~1-6f9f]:main():gmm-acc-stats-ali.cc:105) Processed 3000 utterances; for utterance astmic-msi004-sen0199 avg. like is -104.515 over 318 frames.
LOG (gmm-acc-stats-ali[5.3.57~1-6f9f]:main():gmm-acc-stats-ali.cc:105) Processed 3050 utterances; for utterance astmic-msi005-sen0049 avg. like is -96.8094 over 638 frames.
LOG (gmm-acc-stats-ali[5.3.57~1-6f9f]:main():gmm-acc-stats-ali.cc:105) Processed 3100 utterances; for utterance astmic-msi005-sen0099 avg. like is -98.2181 over 598 frames.
LOG (gmm-acc-stats-ali[5.3.57~1-6f9f]:main():gmm-acc-stats-ali.cc:105) Processed 3150 utterances; for utterance astmic-msi005-sen0149 avg. like is -98.5024 over 598 frames.
LOG (gmm-acc-stats-ali[5.3.57~1-6f9f]:main():gmm-acc-stats-ali.cc:105) Processed 3200 utterances; for utterance astmic-msi005-sen0199 avg. like is -98.587 over 458 frames.
LOG (gmm-acc-stats-ali[5.3.57~1-6f9f]:main():gmm-acc-stats-ali.cc:105) Processed 3250 utterances; for utterance astmic-msi006-sen0049 avg. like is -111.738 over 208 frames.
LOG (gmm-acc-stats-ali[5.3.57~1-6f9f]:main():gmm-acc-stats-ali.cc:105) Processed 3300 utterances; for utterance astmic-msi006-sen0099 avg. like is -110.55 over 248 frames.
LOG (gmm-acc-stats-ali[5.3.57~1-6f9f]:main():gmm-acc-stats-ali.cc:105) Processed 3350 utterances; for utterance astmic-msi006-sen0149 avg. like is -111.318 over 308 frames.
LOG (gmm-acc-stats-ali[5.3.57~1-6f9f]:main():gmm-acc-stats-ali.cc:105) Processed 3400 utterances; for utterance astmic-msi006-sen0199 avg. like is -110.495 over 268 frames.
LOG (gmm-acc-stats-ali[5.3.57~1-6f9f]:main():gmm-acc-stats-ali.cc:105) Processed 3450 utterances; for utterance astmic-msi007-sen0049 avg. like is -114.918 over 288 frames.
LOG (gmm-acc-stats-ali[5.3.57~1-6f9f]:main():gmm-acc-stats-ali.cc:105) Processed 3500 utterances; for utterance astmic-msi007-sen0099 avg. like is -117.958 over 308 frames.
LOG (gmm-acc-stats-ali[5.3.57~1-6f9f]:main():gmm-acc-stats-ali.cc:105) Processed 3550 utterances; for utterance astmic-msi007-sen0149 avg. like is -114.114 over 398 frames.
LOG (gmm-acc-stats-ali[5.3.57~1-6f9f]:main():gmm-acc-stats-ali.cc:105) Processed 3600 utterances; for utterance astmic-msi007-sen0199 avg. like is -111.904 over 228 frames.
LOG (gmm-acc-stats-ali[5.3.57~1-6f9f]:main():gmm-acc-stats-ali.cc:105) Processed 3650 utterances; for utterance astmic-msi008-sen0049 avg. like is -101.129 over 228 frames.
LOG (gmm-acc-stats-ali[5.3.57~1-6f9f]:main():gmm-acc-stats-ali.cc:105) Processed 3700 utterances; for utterance astmic-msi008-sen0099 avg. like is -98.8736 over 448 frames.
LOG (gmm-acc-stats-ali[5.3.57~1-6f9f]:main():gmm-acc-stats-ali.cc:105) Processed 3750 utterances; for utterance astmic-msi008-sen0149 avg. like is -98.6955 over 288 frames.
LOG (gmm-acc-stats-ali[5.3.57~1-6f9f]:main():gmm-acc-stats-ali.cc:105) Processed 3800 utterances; for utterance astmic-msi008-sen0199 avg. like is -99.0154 over 328 frames.
LOG (gmm-acc-stats-ali[5.3.57~1-6f9f]:main():gmm-acc-stats-ali.cc:105) Processed 3850 utterances; for utterance astmic-msi009-sen0049 avg. like is -102.467 over 458 frames.
LOG (gmm-acc-stats-ali[5.3.57~1-6f9f]:main():gmm-acc-stats-ali.cc:105) Processed 3900 utterances; for utterance astmic-msi009-sen0099 avg. like is -98.3989 over 278 frames.
LOG (gmm-acc-stats-ali[5.3.57~1-6f9f]:main():gmm-acc-stats-ali.cc:105) Processed 3950 utterances; for utterance astmic-msi009-sen0149 avg. like is -104.512 over 278 frames.
LOG (gmm-acc-stats-ali[5.3.57~1-6f9f]:main():gmm-acc-stats-ali.cc:105) Processed 4000 utterances; for utterance astmic-msi009-sen0199 avg. like is -96.9063 over 298 frames.
LOG (gmm-acc-stats-ali[5.3.57~1-6f9f]:main():gmm-acc-stats-ali.cc:112) Done 4000 files, 0 with errors.
LOG (gmm-acc-stats-ali[5.3.57~1-6f9f]:main():gmm-acc-stats-ali.cc:115) Overall avg like per frame (Gaussian only) = -107.198 over 1297840 frames.
LOG (gmm-acc-stats-ali[5.3.57~1-6f9f]:main():gmm-acc-stats-ali.cc:123) Written accs.
