gmm-acc-stats-ali --binary=false exp/tri/19.mdl ark,s,cs:feat/train.39.cmvn.ark ark:exp/tri/train.ali exp/tri/19.acc 
LOG (gmm-acc-stats-ali[5.3.57~1-6f9f]:main():gmm-acc-stats-ali.cc:105) Processed 50 utterances; for utterance astmic-fsi000-sen0049 avg. like is -89.17 over 328 frames.
LOG (gmm-acc-stats-ali[5.3.57~1-6f9f]:main():gmm-acc-stats-ali.cc:105) Processed 100 utterances; for utterance astmic-fsi000-sen0099 avg. like is -90.6491 over 298 frames.
LOG (gmm-acc-stats-ali[5.3.57~1-6f9f]:main():gmm-acc-stats-ali.cc:105) Processed 150 utterances; for utterance astmic-fsi000-sen0149 avg. like is -88.1791 over 238 frames.
LOG (gmm-acc-stats-ali[5.3.57~1-6f9f]:main():gmm-acc-stats-ali.cc:105) Processed 200 utterances; for utterance astmic-fsi000-sen0199 avg. like is -89.985 over 318 frames.
LOG (gmm-acc-stats-ali[5.3.57~1-6f9f]:main():gmm-acc-stats-ali.cc:105) Processed 250 utterances; for utterance astmic-fsi001-sen0049 avg. like is -91.0138 over 328 frames.
LOG (gmm-acc-stats-ali[5.3.57~1-6f9f]:main():gmm-acc-stats-ali.cc:105) Processed 300 utterances; for utterance astmic-fsi001-sen0099 avg. like is -88.956 over 228 frames.
LOG (gmm-acc-stats-ali[5.3.57~1-6f9f]:main():gmm-acc-stats-ali.cc:105) Processed 350 utterances; for utterance astmic-fsi001-sen0149 avg. like is -91.6514 over 318 frames.
LOG (gmm-acc-stats-ali[5.3.57~1-6f9f]:main():gmm-acc-stats-ali.cc:105) Processed 400 utterances; for utterance astmic-fsi001-sen0199 avg. like is -91.9705 over 398 frames.
LOG (gmm-acc-stats-ali[5.3.57~1-6f9f]:main():gmm-acc-stats-ali.cc:105) Processed 450 utterances; for utterance astmic-fsi002-sen0049 avg. like is -89.211 over 328 frames.
LOG (gmm-acc-stats-ali[5.3.57~1-6f9f]:main():gmm-acc-stats-ali.cc:105) Processed 500 utterances; for utterance astmic-fsi002-sen0099 avg. like is -91.7998 over 428 frames.
LOG (gmm-acc-stats-ali[5.3.57~1-6f9f]:main():gmm-acc-stats-ali.cc:105) Processed 550 utterances; for utterance astmic-fsi002-sen0149 avg. like is -91.4579 over 288 frames.
LOG (gmm-acc-stats-ali[5.3.57~1-6f9f]:main():gmm-acc-stats-ali.cc:105) Processed 600 utterances; for utterance astmic-fsi002-sen0199 avg. like is -90.0491 over 298 frames.
LOG (gmm-acc-stats-ali[5.3.57~1-6f9f]:main():gmm-acc-stats-ali.cc:105) Processed 650 utterances; for utterance astmic-fsi003-sen0049 avg. like is -94.1688 over 328 frames.
LOG (gmm-acc-stats-ali[5.3.57~1-6f9f]:main():gmm-acc-stats-ali.cc:105) Processed 700 utterances; for utterance astmic-fsi003-sen0099 avg. like is -91.5012 over 208 frames.
LOG (gmm-acc-stats-ali[5.3.57~1-6f9f]:main():gmm-acc-stats-ali.cc:105) Processed 750 utterances; for utterance astmic-fsi003-sen0149 avg. like is -96.9778 over 218 frames.
LOG (gmm-acc-stats-ali[5.3.57~1-6f9f]:main():gmm-acc-stats-ali.cc:105) Processed 800 utterances; for utterance astmic-fsi003-sen0199 avg. like is -94.1245 over 248 frames.
LOG (gmm-acc-stats-ali[5.3.57~1-6f9f]:main():gmm-acc-stats-ali.cc:105) Processed 850 utterances; for utterance astmic-fsi004-sen0049 avg. like is -90.1463 over 368 frames.
LOG (gmm-acc-stats-ali[5.3.57~1-6f9f]:main():gmm-acc-stats-ali.cc:105) Processed 900 utterances; for utterance astmic-fsi004-sen0099 avg. like is -91.4669 over 208 frames.
LOG (gmm-acc-stats-ali[5.3.57~1-6f9f]:main():gmm-acc-stats-ali.cc:105) Processed 950 utterances; for utterance astmic-fsi004-sen0149 avg. like is -91.9057 over 228 frames.
LOG (gmm-acc-stats-ali[5.3.57~1-6f9f]:main():gmm-acc-stats-ali.cc:105) Processed 1000 utterances; for utterance astmic-fsi004-sen0199 avg. like is -90.1967 over 268 frames.
LOG (gmm-acc-stats-ali[5.3.57~1-6f9f]:main():gmm-acc-stats-ali.cc:105) Processed 1050 utterances; for utterance astmic-fsi005-sen0049 avg. like is -95.2018 over 388 frames.
LOG (gmm-acc-stats-ali[5.3.57~1-6f9f]:main():gmm-acc-stats-ali.cc:105) Processed 1100 utterances; for utterance astmic-fsi005-sen0099 avg. like is -89.1382 over 268 frames.
LOG (gmm-acc-stats-ali[5.3.57~1-6f9f]:main():gmm-acc-stats-ali.cc:105) Processed 1150 utterances; for utterance astmic-fsi005-sen0149 avg. like is -92.8699 over 298 frames.
LOG (gmm-acc-stats-ali[5.3.57~1-6f9f]:main():gmm-acc-stats-ali.cc:105) Processed 1200 utterances; for utterance astmic-fsi005-sen0199 avg. like is -89.2095 over 328 frames.
LOG (gmm-acc-stats-ali[5.3.57~1-6f9f]:main():gmm-acc-stats-ali.cc:105) Processed 1250 utterances; for utterance astmic-fsi006-sen0049 avg. like is -93.2066 over 298 frames.
LOG (gmm-acc-stats-ali[5.3.57~1-6f9f]:main():gmm-acc-stats-ali.cc:105) Processed 1300 utterances; for utterance astmic-fsi006-sen0099 avg. like is -94.5001 over 168 frames.
LOG (gmm-acc-stats-ali[5.3.57~1-6f9f]:main():gmm-acc-stats-ali.cc:105) Processed 1350 utterances; for utterance astmic-fsi006-sen0149 avg. like is -93.5666 over 238 frames.
LOG (gmm-acc-stats-ali[5.3.57~1-6f9f]:main():gmm-acc-stats-ali.cc:105) Processed 1400 utterances; for utterance astmic-fsi006-sen0199 avg. like is -92.726 over 238 frames.
LOG (gmm-acc-stats-ali[5.3.57~1-6f9f]:main():gmm-acc-stats-ali.cc:105) Processed 1450 utterances; for utterance astmic-fsi007-sen0049 avg. like is -98.0505 over 198 frames.
LOG (gmm-acc-stats-ali[5.3.57~1-6f9f]:main():gmm-acc-stats-ali.cc:105) Processed 1500 utterances; for utterance astmic-fsi007-sen0099 avg. like is -101.277 over 248 frames.
LOG (gmm-acc-stats-ali[5.3.57~1-6f9f]:main():gmm-acc-stats-ali.cc:105) Processed 1550 utterances; for utterance astmic-fsi007-sen0149 avg. like is -100.363 over 298 frames.
LOG (gmm-acc-stats-ali[5.3.57~1-6f9f]:main():gmm-acc-stats-ali.cc:105) Processed 1600 utterances; for utterance astmic-fsi007-sen0199 avg. like is -88.6531 over 198 frames.
LOG (gmm-acc-stats-ali[5.3.57~1-6f9f]:main():gmm-acc-stats-ali.cc:105) Processed 1650 utterances; for utterance astmic-fsi008-sen0049 avg. like is -92.6029 over 298 frames.
LOG (gmm-acc-stats-ali[5.3.57~1-6f9f]:main():gmm-acc-stats-ali.cc:105) Processed 1700 utterances; for utterance astmic-fsi008-sen0099 avg. like is -96.7533 over 368 frames.
LOG (gmm-acc-stats-ali[5.3.57~1-6f9f]:main():gmm-acc-stats-ali.cc:105) Processed 1750 utterances; for utterance astmic-fsi008-sen0149 avg. like is -95.3474 over 418 frames.
LOG (gmm-acc-stats-ali[5.3.57~1-6f9f]:main():gmm-acc-stats-ali.cc:105) Processed 1800 utterances; for utterance astmic-fsi008-sen0199 avg. like is -92.6667 over 218 frames.
LOG (gmm-acc-stats-ali[5.3.57~1-6f9f]:main():gmm-acc-stats-ali.cc:105) Processed 1850 utterances; for utterance astmic-fsi009-sen0049 avg. like is -101.115 over 248 frames.
LOG (gmm-acc-stats-ali[5.3.57~1-6f9f]:main():gmm-acc-stats-ali.cc:105) Processed 1900 utterances; for utterance astmic-fsi009-sen0099 avg. like is -94.6251 over 278 frames.
LOG (gmm-acc-stats-ali[5.3.57~1-6f9f]:main():gmm-acc-stats-ali.cc:105) Processed 1950 utterances; for utterance astmic-fsi009-sen0149 avg. like is -98.5214 over 348 frames.
LOG (gmm-acc-stats-ali[5.3.57~1-6f9f]:main():gmm-acc-stats-ali.cc:105) Processed 2000 utterances; for utterance astmic-fsi009-sen0199 avg. like is -95.5215 over 298 frames.
LOG (gmm-acc-stats-ali[5.3.57~1-6f9f]:main():gmm-acc-stats-ali.cc:105) Processed 2050 utterances; for utterance astmic-msi000-sen0049 avg. like is -85.8279 over 228 frames.
LOG (gmm-acc-stats-ali[5.3.57~1-6f9f]:main():gmm-acc-stats-ali.cc:105) Processed 2100 utterances; for utterance astmic-msi000-sen0099 avg. like is -83.4611 over 478 frames.
LOG (gmm-acc-stats-ali[5.3.57~1-6f9f]:main():gmm-acc-stats-ali.cc:105) Processed 2150 utterances; for utterance astmic-msi000-sen0149 avg. like is -84.0009 over 438 frames.
LOG (gmm-acc-stats-ali[5.3.57~1-6f9f]:main():gmm-acc-stats-ali.cc:105) Processed 2200 utterances; for utterance astmic-msi000-sen0199 avg. like is -81.5975 over 458 frames.
LOG (gmm-acc-stats-ali[5.3.57~1-6f9f]:main():gmm-acc-stats-ali.cc:105) Processed 2250 utterances; for utterance astmic-msi001-sen0049 avg. like is -88.6792 over 418 frames.
LOG (gmm-acc-stats-ali[5.3.57~1-6f9f]:main():gmm-acc-stats-ali.cc:105) Processed 2300 utterances; for utterance astmic-msi001-sen0099 avg. like is -90.3562 over 378 frames.
LOG (gmm-acc-stats-ali[5.3.57~1-6f9f]:main():gmm-acc-stats-ali.cc:105) Processed 2350 utterances; for utterance astmic-msi001-sen0149 avg. like is -84.0162 over 358 frames.
LOG (gmm-acc-stats-ali[5.3.57~1-6f9f]:main():gmm-acc-stats-ali.cc:105) Processed 2400 utterances; for utterance astmic-msi001-sen0199 avg. like is -85.9646 over 538 frames.
LOG (gmm-acc-stats-ali[5.3.57~1-6f9f]:main():gmm-acc-stats-ali.cc:105) Processed 2450 utterances; for utterance astmic-msi002-sen0049 avg. like is -90.4924 over 448 frames.
LOG (gmm-acc-stats-ali[5.3.57~1-6f9f]:main():gmm-acc-stats-ali.cc:105) Processed 2500 utterances; for utterance astmic-msi002-sen0099 avg. like is -91.3661 over 258 frames.
LOG (gmm-acc-stats-ali[5.3.57~1-6f9f]:main():gmm-acc-stats-ali.cc:105) Processed 2550 utterances; for utterance astmic-msi002-sen0149 avg. like is -89.2122 over 248 frames.
LOG (gmm-acc-stats-ali[5.3.57~1-6f9f]:main():gmm-acc-stats-ali.cc:105) Processed 2600 utterances; for utterance astmic-msi002-sen0199 avg. like is -88.6504 over 388 frames.
LOG (gmm-acc-stats-ali[5.3.57~1-6f9f]:main():gmm-acc-stats-ali.cc:105) Processed 2650 utterances; for utterance astmic-msi003-sen0049 avg. like is -88.2021 over 238 frames.
LOG (gmm-acc-stats-ali[5.3.57~1-6f9f]:main():gmm-acc-stats-ali.cc:105) Processed 2700 utterances; for utterance astmic-msi003-sen0099 avg. like is -83.9706 over 458 frames.
LOG (gmm-acc-stats-ali[5.3.57~1-6f9f]:main():gmm-acc-stats-ali.cc:105) Processed 2750 utterances; for utterance astmic-msi003-sen0149 avg. like is -82.6875 over 398 frames.
LOG (gmm-acc-stats-ali[5.3.57~1-6f9f]:main():gmm-acc-stats-ali.cc:105) Processed 2800 utterances; for utterance astmic-msi003-sen0199 avg. like is -86.5322 over 328 frames.
LOG (gmm-acc-stats-ali[5.3.57~1-6f9f]:main():gmm-acc-stats-ali.cc:105) Processed 2850 utterances; for utterance astmic-msi004-sen0049 avg. like is -92.9089 over 228 frames.
LOG (gmm-acc-stats-ali[5.3.57~1-6f9f]:main():gmm-acc-stats-ali.cc:105) Processed 2900 utterances; for utterance astmic-msi004-sen0099 avg. like is -90.8709 over 358 frames.
LOG (gmm-acc-stats-ali[5.3.57~1-6f9f]:main():gmm-acc-stats-ali.cc:105) Processed 2950 utterances; for utterance astmic-msi004-sen0149 avg. like is -92.7951 over 258 frames.
LOG (gmm-acc-stats-ali[5.3.57~1-6f9f]:main():gmm-acc-stats-ali.cc:105) Processed 3000 utterances; for utterance astmic-msi004-sen0199 avg. like is -88.1774 over 318 frames.
LOG (gmm-acc-stats-ali[5.3.57~1-6f9f]:main():gmm-acc-stats-ali.cc:105) Processed 3050 utterances; for utterance astmic-msi005-sen0049 avg. like is -82.2371 over 638 frames.
LOG (gmm-acc-stats-ali[5.3.57~1-6f9f]:main():gmm-acc-stats-ali.cc:105) Processed 3100 utterances; for utterance astmic-msi005-sen0099 avg. like is -81.9033 over 598 frames.
LOG (gmm-acc-stats-ali[5.3.57~1-6f9f]:main():gmm-acc-stats-ali.cc:105) Processed 3150 utterances; for utterance astmic-msi005-sen0149 avg. like is -81.5721 over 598 frames.
LOG (gmm-acc-stats-ali[5.3.57~1-6f9f]:main():gmm-acc-stats-ali.cc:105) Processed 3200 utterances; for utterance astmic-msi005-sen0199 avg. like is -83.4816 over 458 frames.
LOG (gmm-acc-stats-ali[5.3.57~1-6f9f]:main():gmm-acc-stats-ali.cc:105) Processed 3250 utterances; for utterance astmic-msi006-sen0049 avg. like is -94.6018 over 208 frames.
LOG (gmm-acc-stats-ali[5.3.57~1-6f9f]:main():gmm-acc-stats-ali.cc:105) Processed 3300 utterances; for utterance astmic-msi006-sen0099 avg. like is -94.4955 over 248 frames.
LOG (gmm-acc-stats-ali[5.3.57~1-6f9f]:main():gmm-acc-stats-ali.cc:105) Processed 3350 utterances; for utterance astmic-msi006-sen0149 avg. like is -95.7113 over 308 frames.
LOG (gmm-acc-stats-ali[5.3.57~1-6f9f]:main():gmm-acc-stats-ali.cc:105) Processed 3400 utterances; for utterance astmic-msi006-sen0199 avg. like is -95.6704 over 268 frames.
LOG (gmm-acc-stats-ali[5.3.57~1-6f9f]:main():gmm-acc-stats-ali.cc:105) Processed 3450 utterances; for utterance astmic-msi007-sen0049 avg. like is -95.0641 over 288 frames.
LOG (gmm-acc-stats-ali[5.3.57~1-6f9f]:main():gmm-acc-stats-ali.cc:105) Processed 3500 utterances; for utterance astmic-msi007-sen0099 avg. like is -97.879 over 308 frames.
LOG (gmm-acc-stats-ali[5.3.57~1-6f9f]:main():gmm-acc-stats-ali.cc:105) Processed 3550 utterances; for utterance astmic-msi007-sen0149 avg. like is -93.9657 over 398 frames.
LOG (gmm-acc-stats-ali[5.3.57~1-6f9f]:main():gmm-acc-stats-ali.cc:105) Processed 3600 utterances; for utterance astmic-msi007-sen0199 avg. like is -94.2206 over 228 frames.
LOG (gmm-acc-stats-ali[5.3.57~1-6f9f]:main():gmm-acc-stats-ali.cc:105) Processed 3650 utterances; for utterance astmic-msi008-sen0049 avg. like is -85.8142 over 228 frames.
LOG (gmm-acc-stats-ali[5.3.57~1-6f9f]:main():gmm-acc-stats-ali.cc:105) Processed 3700 utterances; for utterance astmic-msi008-sen0099 avg. like is -83.8846 over 448 frames.
LOG (gmm-acc-stats-ali[5.3.57~1-6f9f]:main():gmm-acc-stats-ali.cc:105) Processed 3750 utterances; for utterance astmic-msi008-sen0149 avg. like is -86.7975 over 288 frames.
LOG (gmm-acc-stats-ali[5.3.57~1-6f9f]:main():gmm-acc-stats-ali.cc:105) Processed 3800 utterances; for utterance astmic-msi008-sen0199 avg. like is -82.9374 over 328 frames.
LOG (gmm-acc-stats-ali[5.3.57~1-6f9f]:main():gmm-acc-stats-ali.cc:105) Processed 3850 utterances; for utterance astmic-msi009-sen0049 avg. like is -84.584 over 458 frames.
LOG (gmm-acc-stats-ali[5.3.57~1-6f9f]:main():gmm-acc-stats-ali.cc:105) Processed 3900 utterances; for utterance astmic-msi009-sen0099 avg. like is -81.2378 over 278 frames.
LOG (gmm-acc-stats-ali[5.3.57~1-6f9f]:main():gmm-acc-stats-ali.cc:105) Processed 3950 utterances; for utterance astmic-msi009-sen0149 avg. like is -86.2045 over 278 frames.
LOG (gmm-acc-stats-ali[5.3.57~1-6f9f]:main():gmm-acc-stats-ali.cc:105) Processed 4000 utterances; for utterance astmic-msi009-sen0199 avg. like is -81.633 over 298 frames.
LOG (gmm-acc-stats-ali[5.3.57~1-6f9f]:main():gmm-acc-stats-ali.cc:112) Done 4000 files, 0 with errors.
LOG (gmm-acc-stats-ali[5.3.57~1-6f9f]:main():gmm-acc-stats-ali.cc:115) Overall avg like per frame (Gaussian only) = -89.777 over 1297840 frames.
LOG (gmm-acc-stats-ali[5.3.57~1-6f9f]:main():gmm-acc-stats-ali.cc:123) Written accs.
