gmm-acc-stats-ali --binary=false exp/tri/11.mdl ark,s,cs:feat/train.39.cmvn.ark ark:exp/tri/train.ali exp/tri/11.acc 
LOG (gmm-acc-stats-ali[5.3.57~1-6f9f]:main():gmm-acc-stats-ali.cc:105) Processed 50 utterances; for utterance astmic-fsi000-sen0049 avg. like is -89.9933 over 328 frames.
LOG (gmm-acc-stats-ali[5.3.57~1-6f9f]:main():gmm-acc-stats-ali.cc:105) Processed 100 utterances; for utterance astmic-fsi000-sen0099 avg. like is -91.3752 over 298 frames.
LOG (gmm-acc-stats-ali[5.3.57~1-6f9f]:main():gmm-acc-stats-ali.cc:105) Processed 150 utterances; for utterance astmic-fsi000-sen0149 avg. like is -88.8832 over 238 frames.
LOG (gmm-acc-stats-ali[5.3.57~1-6f9f]:main():gmm-acc-stats-ali.cc:105) Processed 200 utterances; for utterance astmic-fsi000-sen0199 avg. like is -90.6976 over 318 frames.
LOG (gmm-acc-stats-ali[5.3.57~1-6f9f]:main():gmm-acc-stats-ali.cc:105) Processed 250 utterances; for utterance astmic-fsi001-sen0049 avg. like is -91.6871 over 328 frames.
LOG (gmm-acc-stats-ali[5.3.57~1-6f9f]:main():gmm-acc-stats-ali.cc:105) Processed 300 utterances; for utterance astmic-fsi001-sen0099 avg. like is -89.674 over 228 frames.
LOG (gmm-acc-stats-ali[5.3.57~1-6f9f]:main():gmm-acc-stats-ali.cc:105) Processed 350 utterances; for utterance astmic-fsi001-sen0149 avg. like is -92.2743 over 318 frames.
LOG (gmm-acc-stats-ali[5.3.57~1-6f9f]:main():gmm-acc-stats-ali.cc:105) Processed 400 utterances; for utterance astmic-fsi001-sen0199 avg. like is -92.8616 over 398 frames.
LOG (gmm-acc-stats-ali[5.3.57~1-6f9f]:main():gmm-acc-stats-ali.cc:105) Processed 450 utterances; for utterance astmic-fsi002-sen0049 avg. like is -90.1258 over 328 frames.
LOG (gmm-acc-stats-ali[5.3.57~1-6f9f]:main():gmm-acc-stats-ali.cc:105) Processed 500 utterances; for utterance astmic-fsi002-sen0099 avg. like is -92.5358 over 428 frames.
LOG (gmm-acc-stats-ali[5.3.57~1-6f9f]:main():gmm-acc-stats-ali.cc:105) Processed 550 utterances; for utterance astmic-fsi002-sen0149 avg. like is -92.2372 over 288 frames.
LOG (gmm-acc-stats-ali[5.3.57~1-6f9f]:main():gmm-acc-stats-ali.cc:105) Processed 600 utterances; for utterance astmic-fsi002-sen0199 avg. like is -90.5848 over 298 frames.
LOG (gmm-acc-stats-ali[5.3.57~1-6f9f]:main():gmm-acc-stats-ali.cc:105) Processed 650 utterances; for utterance astmic-fsi003-sen0049 avg. like is -95.2416 over 328 frames.
LOG (gmm-acc-stats-ali[5.3.57~1-6f9f]:main():gmm-acc-stats-ali.cc:105) Processed 700 utterances; for utterance astmic-fsi003-sen0099 avg. like is -92.4255 over 208 frames.
LOG (gmm-acc-stats-ali[5.3.57~1-6f9f]:main():gmm-acc-stats-ali.cc:105) Processed 750 utterances; for utterance astmic-fsi003-sen0149 avg. like is -98.0018 over 218 frames.
LOG (gmm-acc-stats-ali[5.3.57~1-6f9f]:main():gmm-acc-stats-ali.cc:105) Processed 800 utterances; for utterance astmic-fsi003-sen0199 avg. like is -95.3092 over 248 frames.
LOG (gmm-acc-stats-ali[5.3.57~1-6f9f]:main():gmm-acc-stats-ali.cc:105) Processed 850 utterances; for utterance astmic-fsi004-sen0049 avg. like is -91.0648 over 368 frames.
LOG (gmm-acc-stats-ali[5.3.57~1-6f9f]:main():gmm-acc-stats-ali.cc:105) Processed 900 utterances; for utterance astmic-fsi004-sen0099 avg. like is -92.3147 over 208 frames.
LOG (gmm-acc-stats-ali[5.3.57~1-6f9f]:main():gmm-acc-stats-ali.cc:105) Processed 950 utterances; for utterance astmic-fsi004-sen0149 avg. like is -92.7559 over 228 frames.
LOG (gmm-acc-stats-ali[5.3.57~1-6f9f]:main():gmm-acc-stats-ali.cc:105) Processed 1000 utterances; for utterance astmic-fsi004-sen0199 avg. like is -90.6459 over 268 frames.
LOG (gmm-acc-stats-ali[5.3.57~1-6f9f]:main():gmm-acc-stats-ali.cc:105) Processed 1050 utterances; for utterance astmic-fsi005-sen0049 avg. like is -96.4315 over 388 frames.
LOG (gmm-acc-stats-ali[5.3.57~1-6f9f]:main():gmm-acc-stats-ali.cc:105) Processed 1100 utterances; for utterance astmic-fsi005-sen0099 avg. like is -90.0197 over 268 frames.
LOG (gmm-acc-stats-ali[5.3.57~1-6f9f]:main():gmm-acc-stats-ali.cc:105) Processed 1150 utterances; for utterance astmic-fsi005-sen0149 avg. like is -94.1843 over 298 frames.
LOG (gmm-acc-stats-ali[5.3.57~1-6f9f]:main():gmm-acc-stats-ali.cc:105) Processed 1200 utterances; for utterance astmic-fsi005-sen0199 avg. like is -90.6114 over 328 frames.
LOG (gmm-acc-stats-ali[5.3.57~1-6f9f]:main():gmm-acc-stats-ali.cc:105) Processed 1250 utterances; for utterance astmic-fsi006-sen0049 avg. like is -94.282 over 298 frames.
LOG (gmm-acc-stats-ali[5.3.57~1-6f9f]:main():gmm-acc-stats-ali.cc:105) Processed 1300 utterances; for utterance astmic-fsi006-sen0099 avg. like is -95.2056 over 168 frames.
LOG (gmm-acc-stats-ali[5.3.57~1-6f9f]:main():gmm-acc-stats-ali.cc:105) Processed 1350 utterances; for utterance astmic-fsi006-sen0149 avg. like is -94.5712 over 238 frames.
LOG (gmm-acc-stats-ali[5.3.57~1-6f9f]:main():gmm-acc-stats-ali.cc:105) Processed 1400 utterances; for utterance astmic-fsi006-sen0199 avg. like is -93.9551 over 238 frames.
LOG (gmm-acc-stats-ali[5.3.57~1-6f9f]:main():gmm-acc-stats-ali.cc:105) Processed 1450 utterances; for utterance astmic-fsi007-sen0049 avg. like is -99.3928 over 198 frames.
LOG (gmm-acc-stats-ali[5.3.57~1-6f9f]:main():gmm-acc-stats-ali.cc:105) Processed 1500 utterances; for utterance astmic-fsi007-sen0099 avg. like is -102.817 over 248 frames.
LOG (gmm-acc-stats-ali[5.3.57~1-6f9f]:main():gmm-acc-stats-ali.cc:105) Processed 1550 utterances; for utterance astmic-fsi007-sen0149 avg. like is -101.608 over 298 frames.
LOG (gmm-acc-stats-ali[5.3.57~1-6f9f]:main():gmm-acc-stats-ali.cc:105) Processed 1600 utterances; for utterance astmic-fsi007-sen0199 avg. like is -89.6997 over 198 frames.
LOG (gmm-acc-stats-ali[5.3.57~1-6f9f]:main():gmm-acc-stats-ali.cc:105) Processed 1650 utterances; for utterance astmic-fsi008-sen0049 avg. like is -93.7596 over 298 frames.
LOG (gmm-acc-stats-ali[5.3.57~1-6f9f]:main():gmm-acc-stats-ali.cc:105) Processed 1700 utterances; for utterance astmic-fsi008-sen0099 avg. like is -97.4585 over 368 frames.
LOG (gmm-acc-stats-ali[5.3.57~1-6f9f]:main():gmm-acc-stats-ali.cc:105) Processed 1750 utterances; for utterance astmic-fsi008-sen0149 avg. like is -96.2476 over 418 frames.
LOG (gmm-acc-stats-ali[5.3.57~1-6f9f]:main():gmm-acc-stats-ali.cc:105) Processed 1800 utterances; for utterance astmic-fsi008-sen0199 avg. like is -93.5005 over 218 frames.
LOG (gmm-acc-stats-ali[5.3.57~1-6f9f]:main():gmm-acc-stats-ali.cc:105) Processed 1850 utterances; for utterance astmic-fsi009-sen0049 avg. like is -102.263 over 248 frames.
LOG (gmm-acc-stats-ali[5.3.57~1-6f9f]:main():gmm-acc-stats-ali.cc:105) Processed 1900 utterances; for utterance astmic-fsi009-sen0099 avg. like is -95.5826 over 278 frames.
LOG (gmm-acc-stats-ali[5.3.57~1-6f9f]:main():gmm-acc-stats-ali.cc:105) Processed 1950 utterances; for utterance astmic-fsi009-sen0149 avg. like is -99.8589 over 348 frames.
LOG (gmm-acc-stats-ali[5.3.57~1-6f9f]:main():gmm-acc-stats-ali.cc:105) Processed 2000 utterances; for utterance astmic-fsi009-sen0199 avg. like is -96.6326 over 298 frames.
LOG (gmm-acc-stats-ali[5.3.57~1-6f9f]:main():gmm-acc-stats-ali.cc:105) Processed 2050 utterances; for utterance astmic-msi000-sen0049 avg. like is -86.5806 over 228 frames.
LOG (gmm-acc-stats-ali[5.3.57~1-6f9f]:main():gmm-acc-stats-ali.cc:105) Processed 2100 utterances; for utterance astmic-msi000-sen0099 avg. like is -85.0067 over 478 frames.
LOG (gmm-acc-stats-ali[5.3.57~1-6f9f]:main():gmm-acc-stats-ali.cc:105) Processed 2150 utterances; for utterance astmic-msi000-sen0149 avg. like is -85.5143 over 438 frames.
LOG (gmm-acc-stats-ali[5.3.57~1-6f9f]:main():gmm-acc-stats-ali.cc:105) Processed 2200 utterances; for utterance astmic-msi000-sen0199 avg. like is -83.2043 over 458 frames.
LOG (gmm-acc-stats-ali[5.3.57~1-6f9f]:main():gmm-acc-stats-ali.cc:105) Processed 2250 utterances; for utterance astmic-msi001-sen0049 avg. like is -90.1309 over 418 frames.
LOG (gmm-acc-stats-ali[5.3.57~1-6f9f]:main():gmm-acc-stats-ali.cc:105) Processed 2300 utterances; for utterance astmic-msi001-sen0099 avg. like is -91.7588 over 378 frames.
LOG (gmm-acc-stats-ali[5.3.57~1-6f9f]:main():gmm-acc-stats-ali.cc:105) Processed 2350 utterances; for utterance astmic-msi001-sen0149 avg. like is -85.393 over 358 frames.
LOG (gmm-acc-stats-ali[5.3.57~1-6f9f]:main():gmm-acc-stats-ali.cc:105) Processed 2400 utterances; for utterance astmic-msi001-sen0199 avg. like is -87.3387 over 538 frames.
LOG (gmm-acc-stats-ali[5.3.57~1-6f9f]:main():gmm-acc-stats-ali.cc:105) Processed 2450 utterances; for utterance astmic-msi002-sen0049 avg. like is -91.4893 over 448 frames.
LOG (gmm-acc-stats-ali[5.3.57~1-6f9f]:main():gmm-acc-stats-ali.cc:105) Processed 2500 utterances; for utterance astmic-msi002-sen0099 avg. like is -92.386 over 258 frames.
LOG (gmm-acc-stats-ali[5.3.57~1-6f9f]:main():gmm-acc-stats-ali.cc:105) Processed 2550 utterances; for utterance astmic-msi002-sen0149 avg. like is -90.1308 over 248 frames.
LOG (gmm-acc-stats-ali[5.3.57~1-6f9f]:main():gmm-acc-stats-ali.cc:105) Processed 2600 utterances; for utterance astmic-msi002-sen0199 avg. like is -89.7279 over 388 frames.
LOG (gmm-acc-stats-ali[5.3.57~1-6f9f]:main():gmm-acc-stats-ali.cc:105) Processed 2650 utterances; for utterance astmic-msi003-sen0049 avg. like is -89.8271 over 238 frames.
LOG (gmm-acc-stats-ali[5.3.57~1-6f9f]:main():gmm-acc-stats-ali.cc:105) Processed 2700 utterances; for utterance astmic-msi003-sen0099 avg. like is -85.5039 over 458 frames.
LOG (gmm-acc-stats-ali[5.3.57~1-6f9f]:main():gmm-acc-stats-ali.cc:105) Processed 2750 utterances; for utterance astmic-msi003-sen0149 avg. like is -83.5673 over 398 frames.
LOG (gmm-acc-stats-ali[5.3.57~1-6f9f]:main():gmm-acc-stats-ali.cc:105) Processed 2800 utterances; for utterance astmic-msi003-sen0199 avg. like is -87.3266 over 328 frames.
LOG (gmm-acc-stats-ali[5.3.57~1-6f9f]:main():gmm-acc-stats-ali.cc:105) Processed 2850 utterances; for utterance astmic-msi004-sen0049 avg. like is -94.0531 over 228 frames.
LOG (gmm-acc-stats-ali[5.3.57~1-6f9f]:main():gmm-acc-stats-ali.cc:105) Processed 2900 utterances; for utterance astmic-msi004-sen0099 avg. like is -91.9255 over 358 frames.
LOG (gmm-acc-stats-ali[5.3.57~1-6f9f]:main():gmm-acc-stats-ali.cc:105) Processed 2950 utterances; for utterance astmic-msi004-sen0149 avg. like is -94.2686 over 258 frames.
LOG (gmm-acc-stats-ali[5.3.57~1-6f9f]:main():gmm-acc-stats-ali.cc:105) Processed 3000 utterances; for utterance astmic-msi004-sen0199 avg. like is -88.9027 over 318 frames.
LOG (gmm-acc-stats-ali[5.3.57~1-6f9f]:main():gmm-acc-stats-ali.cc:105) Processed 3050 utterances; for utterance astmic-msi005-sen0049 avg. like is -83.1884 over 638 frames.
LOG (gmm-acc-stats-ali[5.3.57~1-6f9f]:main():gmm-acc-stats-ali.cc:105) Processed 3100 utterances; for utterance astmic-msi005-sen0099 avg. like is -83.0664 over 598 frames.
LOG (gmm-acc-stats-ali[5.3.57~1-6f9f]:main():gmm-acc-stats-ali.cc:105) Processed 3150 utterances; for utterance astmic-msi005-sen0149 avg. like is -82.9452 over 598 frames.
LOG (gmm-acc-stats-ali[5.3.57~1-6f9f]:main():gmm-acc-stats-ali.cc:105) Processed 3200 utterances; for utterance astmic-msi005-sen0199 avg. like is -84.9422 over 458 frames.
LOG (gmm-acc-stats-ali[5.3.57~1-6f9f]:main():gmm-acc-stats-ali.cc:105) Processed 3250 utterances; for utterance astmic-msi006-sen0049 avg. like is -95.498 over 208 frames.
LOG (gmm-acc-stats-ali[5.3.57~1-6f9f]:main():gmm-acc-stats-ali.cc:105) Processed 3300 utterances; for utterance astmic-msi006-sen0099 avg. like is -95.4236 over 248 frames.
LOG (gmm-acc-stats-ali[5.3.57~1-6f9f]:main():gmm-acc-stats-ali.cc:105) Processed 3350 utterances; for utterance astmic-msi006-sen0149 avg. like is -96.7498 over 308 frames.
LOG (gmm-acc-stats-ali[5.3.57~1-6f9f]:main():gmm-acc-stats-ali.cc:105) Processed 3400 utterances; for utterance astmic-msi006-sen0199 avg. like is -96.7565 over 268 frames.
LOG (gmm-acc-stats-ali[5.3.57~1-6f9f]:main():gmm-acc-stats-ali.cc:105) Processed 3450 utterances; for utterance astmic-msi007-sen0049 avg. like is -96.0215 over 288 frames.
LOG (gmm-acc-stats-ali[5.3.57~1-6f9f]:main():gmm-acc-stats-ali.cc:105) Processed 3500 utterances; for utterance astmic-msi007-sen0099 avg. like is -98.6534 over 308 frames.
LOG (gmm-acc-stats-ali[5.3.57~1-6f9f]:main():gmm-acc-stats-ali.cc:105) Processed 3550 utterances; for utterance astmic-msi007-sen0149 avg. like is -94.8484 over 398 frames.
LOG (gmm-acc-stats-ali[5.3.57~1-6f9f]:main():gmm-acc-stats-ali.cc:105) Processed 3600 utterances; for utterance astmic-msi007-sen0199 avg. like is -95.0579 over 228 frames.
LOG (gmm-acc-stats-ali[5.3.57~1-6f9f]:main():gmm-acc-stats-ali.cc:105) Processed 3650 utterances; for utterance astmic-msi008-sen0049 avg. like is -86.6844 over 228 frames.
LOG (gmm-acc-stats-ali[5.3.57~1-6f9f]:main():gmm-acc-stats-ali.cc:105) Processed 3700 utterances; for utterance astmic-msi008-sen0099 avg. like is -84.9988 over 448 frames.
LOG (gmm-acc-stats-ali[5.3.57~1-6f9f]:main():gmm-acc-stats-ali.cc:105) Processed 3750 utterances; for utterance astmic-msi008-sen0149 avg. like is -87.7494 over 288 frames.
LOG (gmm-acc-stats-ali[5.3.57~1-6f9f]:main():gmm-acc-stats-ali.cc:105) Processed 3800 utterances; for utterance astmic-msi008-sen0199 avg. like is -84.154 over 328 frames.
LOG (gmm-acc-stats-ali[5.3.57~1-6f9f]:main():gmm-acc-stats-ali.cc:105) Processed 3850 utterances; for utterance astmic-msi009-sen0049 avg. like is -86.0791 over 458 frames.
LOG (gmm-acc-stats-ali[5.3.57~1-6f9f]:main():gmm-acc-stats-ali.cc:105) Processed 3900 utterances; for utterance astmic-msi009-sen0099 avg. like is -82.6401 over 278 frames.
LOG (gmm-acc-stats-ali[5.3.57~1-6f9f]:main():gmm-acc-stats-ali.cc:105) Processed 3950 utterances; for utterance astmic-msi009-sen0149 avg. like is -87.7847 over 278 frames.
LOG (gmm-acc-stats-ali[5.3.57~1-6f9f]:main():gmm-acc-stats-ali.cc:105) Processed 4000 utterances; for utterance astmic-msi009-sen0199 avg. like is -82.524 over 298 frames.
LOG (gmm-acc-stats-ali[5.3.57~1-6f9f]:main():gmm-acc-stats-ali.cc:112) Done 4000 files, 0 with errors.
LOG (gmm-acc-stats-ali[5.3.57~1-6f9f]:main():gmm-acc-stats-ali.cc:115) Overall avg like per frame (Gaussian only) = -90.8152 over 1297840 frames.
LOG (gmm-acc-stats-ali[5.3.57~1-6f9f]:main():gmm-acc-stats-ali.cc:123) Written accs.
